epoch,accuracy,f1-score,iou_score,loss,val_accuracy,val_f1-score,val_iou_score,val_loss
0,0.9224450588226318,0.6463636159896851,0.548500120639801,0.5368520021438599,0.938433051109314,0.6803777813911438,0.5567740201950073,0.5203614830970764
1,0.9596931338310242,0.774046778678894,0.6717926859855652,0.3753117024898529,0.9547489285469055,0.7452898621559143,0.6365813612937927,0.4118233621120453
2,0.9660961627960205,0.8063316345214844,0.7070765495300293,0.3340991735458374,0.9580250382423401,0.7962630987167358,0.6797580122947693,0.36503157019615173
3,0.9699041843414307,0.8289031386375427,0.7312801480293274,0.3064731955528259,0.9638951420783997,0.8045941591262817,0.7023773193359375,0.33867961168289185
4,0.9719319939613342,0.8417454361915588,0.7464979290962219,0.28918689489364624,0.9676002860069275,0.8284497857093811,0.7255173921585083,0.31247344613075256
5,0.9739043116569519,0.8539866209030151,0.7612898945808411,0.27263152599334717,0.9654444456100464,0.8261935710906982,0.7279735207557678,0.3145645558834076
6,0.9753106236457825,0.8639675974845886,0.7729834318161011,0.25981441140174866,0.9720580577850342,0.8440468311309814,0.7505067586898804,0.28539952635765076
7,0.9768304228782654,0.8688325881958008,0.7803300619125366,0.25118663907051086,0.972369909286499,0.8515958786010742,0.7567315697669983,0.27868250012397766
8,0.977872371673584,0.8753899931907654,0.7887037992477417,0.2421456277370453,0.9719814658164978,0.8529403209686279,0.7594302892684937,0.2774696350097656
9,0.9787865877151489,0.8794599771499634,0.7942245602607727,0.23563776910305023,0.9726178646087646,0.8437120914459229,0.7533759474754333,0.28362107276916504
10,0.9792450666427612,0.884101152420044,0.800375759601593,0.2296825796365738,0.9744997024536133,0.860048770904541,0.7704854607582092,0.2641366422176361
11,0.9798465371131897,0.8856828212738037,0.8030710816383362,0.22649416327476501,0.9733480215072632,0.8438522815704346,0.7573807835578918,0.28094545006752014
12,0.9803051352500916,0.8881326913833618,0.8062598705291748,0.2228843718767166,0.9747599363327026,0.8590400218963623,0.7709269523620605,0.2644323408603668
13,0.9810714721679688,0.8910218477249146,0.81081622838974,0.21778640151023865,0.9753886461257935,0.8674077987670898,0.7790334820747375,0.2555857002735138
14,0.9813305735588074,0.8944705724716187,0.8148201107978821,0.21381454169750214,0.976357102394104,0.8645134568214417,0.7787765264511108,0.2561797499656677
15,0.9818222522735596,0.8963478207588196,0.8180127739906311,0.2101649045944214,0.9754602909088135,0.8687368035316467,0.7826319932937622,0.2540242671966553
16,0.9821843504905701,0.8979613780975342,0.820533275604248,0.2074519842863083,0.9764171242713928,0.8674027323722839,0.7827585339546204,0.2528682053089142
17,0.9827781915664673,0.9007411003112793,0.8244192600250244,0.20303796231746674,0.9760065078735352,0.8634229302406311,0.7764918804168701,0.2583490014076233
18,0.9826966524124146,0.9013062119483948,0.8250023126602173,0.20271863043308258,0.9764381647109985,0.8717445135116577,0.7859484553337097,0.24979601800441742
19,0.9829339385032654,0.9023633599281311,0.8267496824264526,0.2006852924823761,0.9775403738021851,0.8751940727233887,0.7915548086166382,0.2435196191072464
20,0.9833077788352966,0.904132604598999,0.8292034864425659,0.19809293746948242,0.9753250479698181,0.8696092367172241,0.7845441102981567,0.25347867608070374
21,0.9834962487220764,0.9047602415084839,0.8305760025978088,0.19663411378860474,0.977361261844635,0.8755936026573181,0.7922108769416809,0.24276535212993622
22,0.9838837385177612,0.9063972234725952,0.8330747485160828,0.19374939799308777,0.977481484413147,0.8697429895401001,0.7862361669540405,0.24940310418605804
23,0.9843169450759888,0.9090335965156555,0.8364431858062744,0.19020013511180878,0.9763309955596924,0.8685295581817627,0.7841805815696716,0.25290313363075256
24,0.9843927025794983,0.9090876579284668,0.8369183540344238,0.18954400718212128,0.9776417016983032,0.8769129514694214,0.7926840782165527,0.2418738752603531
25,0.9844810962677002,0.9092985987663269,0.8373650908470154,0.18905742466449738,0.9778584837913513,0.8781911134719849,0.794842541217804,0.23989424109458923
26,0.9846692681312561,0.9103426337242126,0.8389153480529785,0.18737156689167023,0.9781109094619751,0.8733707666397095,0.7912869453430176,0.24457812309265137
27,0.9850236177444458,0.9113134145736694,0.8406767249107361,0.18549317121505737,0.9784113168716431,0.8767886161804199,0.7951331734657288,0.23934690654277802
28,0.9848325848579407,0.9116968512535095,0.8409590721130371,0.18531855940818787,0.9779372811317444,0.8794872760772705,0.7971511483192444,0.23947347700595856
29,0.9849592447280884,0.9119890928268433,0.8414205312728882,0.18484342098236084,0.9783816933631897,0.8802143931388855,0.7991623878479004,0.2377454936504364
30,0.9852481484413147,0.913438618183136,0.8435913324356079,0.18236461281776428,0.9784461259841919,0.8756282329559326,0.7947117686271667,0.24198850989341736
31,0.9851257801055908,0.9141805768013,0.8446821570396423,0.18146005272865295,0.9771358370780945,0.8754460215568542,0.7929505109786987,0.2447313368320465
32,0.9855239987373352,0.9150221943855286,0.8459188342094421,0.17996996641159058,0.9783254265785217,0.8791115880012512,0.7977070808410645,0.23819322884082794
33,0.9858158826828003,0.9163331985473633,0.8480809330940247,0.1775255799293518,0.9788190722465515,0.8745351433753967,0.7939391732215881,0.24136491119861603
34,0.9860345125198364,0.9169338345527649,0.8489500284194946,0.17653413116931915,0.9785861968994141,0.8829108476638794,0.8019626140594482,0.23365013301372528
35,0.9859899878501892,0.9174212217330933,0.8495970368385315,0.17578355967998505,0.9784557819366455,0.8828996419906616,0.8030789494514465,0.23544630408287048
36,0.9859716296195984,0.9174022674560547,0.8498027324676514,0.17554613947868347,0.9788507223129272,0.8800806403160095,0.8004292845726013,0.23610517382621765
37,0.9860293865203857,0.9182348847389221,0.8508107662200928,0.17448389530181885,0.9789578914642334,0.8832538723945618,0.8031404614448547,0.23289813101291656
38,0.9861755967140198,0.9185500144958496,0.8515422344207764,0.17381985485553741,0.978563666343689,0.8790072798728943,0.7998023629188538,0.2374824732542038
39,0.9860621690750122,0.9183570146560669,0.8512676954269409,0.17418649792671204,0.9789889454841614,0.8823477625846863,0.8027732968330383,0.23382823169231415
40,0.9861645102500916,0.9196168184280396,0.8527584671974182,0.17271606624126434,0.9789371490478516,0.8814043402671814,0.8017301559448242,0.23541763424873352
41,0.9866862297058105,0.9209852814674377,0.8550602197647095,0.1699957698583603,0.9790663123130798,0.8812234401702881,0.8020224571228027,0.23559610545635223
42,0.9865639805793762,0.9205074310302734,0.8546334505081177,0.1704530119895935,0.9788993000984192,0.8847322463989258,0.8044938445091248,0.23164302110671997
43,0.9866869449615479,0.9212105870246887,0.8557617664337158,0.1692855954170227,0.9793506264686584,0.8856885433197021,0.8058465719223022,0.22980891168117523
44,0.9869704246520996,0.9227365851402283,0.8575906157493591,0.16730962693691254,0.9792482852935791,0.8857700824737549,0.8065810799598694,0.22962124645709991
45,0.9871050715446472,0.9228078126907349,0.8579123020172119,0.16673706471920013,0.9790071845054626,0.8845961093902588,0.8049276471138,0.23293137550354004
46,0.9870149493217468,0.9221748113632202,0.857491135597229,0.16718824207782745,0.9794871211051941,0.8867806792259216,0.8073588013648987,0.22838301956653595
47,0.9870626926422119,0.9230449199676514,0.8584493398666382,0.1662721186876297,0.9790098667144775,0.8858826756477356,0.8066134452819824,0.23103028535842896
48,0.987062394618988,0.9230630993843079,0.858557939529419,0.1661166101694107,0.9786417484283447,0.8843762278556824,0.8048694133758545,0.2339639812707901
49,0.9871456623077393,0.9232434034347534,0.8589824438095093,0.1656891405582428,0.9794440269470215,0.8867039680480957,0.8071528673171997,0.22851550579071045
50,0.9873458743095398,0.9248091578483582,0.8609166145324707,0.1636735051870346,0.9790784120559692,0.8848127126693726,0.8058581948280334,0.2311580628156662
51,0.9874593019485474,0.924794614315033,0.8612608313560486,0.16326022148132324,0.9797373414039612,0.887285590171814,0.8092564940452576,0.22799581289291382
52,0.9874362349510193,0.925208568572998,0.8619204163551331,0.16257381439208984,0.9797307252883911,0.8850210905075073,0.8069993257522583,0.23071755468845367
53,0.987561821937561,0.9252327084541321,0.8619847297668457,0.16234636306762695,0.9788814187049866,0.8877944350242615,0.8084354400634766,0.23030626773834229
54,0.9875489473342896,0.9259657263755798,0.8629008531570435,0.1614295393228531,0.9796339273452759,0.8876127004623413,0.808789849281311,0.22687779366970062
55,0.9878210425376892,0.9259992241859436,0.8633337616920471,0.16089928150177002,0.9796260595321655,0.8880758285522461,0.8095993995666504,0.22702156007289886
56,0.987657904624939,0.9265643954277039,0.8640417456626892,0.16019956767559052,0.9796631932258606,0.8879837989807129,0.810671865940094,0.22743092477321625
57,0.9879043698310852,0.9275436997413635,0.8654944896697998,0.15887470543384552,0.9797393083572388,0.884280800819397,0.8073430061340332,0.2308507114648819
58,0.9878808259963989,0.9278713464736938,0.8657126426696777,0.15854598581790924,0.9795070886611938,0.8863705396652222,0.8079561591148376,0.22860518097877502
59,0.9877161383628845,0.9266157746315002,0.8642420768737793,0.1601359099149704,0.979426383972168,0.8871512413024902,0.8092306852340698,0.2306758165359497
